0 verbose cli C:\Program Files\nodejs\node.exe C:\Program Files\nodejs\node_modules\npm\bin\npm-cli.js
1 info using npm@10.9.4
2 info using node@v22.22.1
3 silly config load:file:C:\Program Files\nodejs\node_modules\npm\npmrc
4 silly config load:file:C:\app-mesajeria\.npmrc
5 silly config load:file:C:\Users\rfall\.npmrc
6 silly config load:file:C:\Users\rfall\AppData\Roaming\npm\etc\npmrc
7 verbose title npm exec supabase@latest login
8 verbose argv "exec" "--" "supabase@latest" "login"
9 verbose logfile logs-max:10 dir:C:\app-mesajeria\.npm-cache\_logs\2026-04-25T17_26_09_246Z-
10 verbose logfile C:\app-mesajeria\.npm-cache\_logs\2026-04-25T17_26_09_246Z-debug-0.log
11 silly logfile done cleaning log files
12 silly packumentCache heap:2197815296 maxSize:549453824 maxEntrySize:274726912
13 http fetch GET 200 https://registry.npmjs.org/supabase 542ms (cache updated)
14 silly packumentCache heap:2197815296 maxSize:549453824 maxEntrySize:274726912
15 silly packumentCache heap:2197815296 maxSize:549453824 maxEntrySize:274726912
16 silly idealTree buildDeps
17 silly fetch manifest supabase@2.95.3
18 silly packumentCache full:https://registry.npmjs.org/supabase cache-miss
19 http fetch GET 200 https://registry.npmjs.org/supabase 204ms (cache updated)
20 silly packumentCache full:https://registry.npmjs.org/supabase set size:undefined disposed:false
21 silly placeDep ROOT supabase@2.95.3 REPLACE for:  want: 2.95.3
22 silly reify mark retired [
22 silly reify   'C:\\app-mesajeria\\.npm-cache\\_npx\\b96a6bd565c470ce\\node_modules\\supabase',
22 silly reify   'C:\\app-mesajeria\\.npm-cache\\_npx\\b96a6bd565c470ce\\node_modules\\.bin\\supabase',
22 silly reify   'C:\\app-mesajeria\\.npm-cache\\_npx\\b96a6bd565c470ce\\node_modules\\.bin\\supabase.cmd',
22 silly reify   'C:\\app-mesajeria\\.npm-cache\\_npx\\b96a6bd565c470ce\\node_modules\\.bin\\supabase.ps1'
22 silly reify ]
23 silly reify moves {
23 silly reify   'C:\\app-mesajeria\\.npm-cache\\_npx\\b96a6bd565c470ce\\node_modules\\supabase': 'C:\\app-mesajeria\\.npm-cache\\_npx\\b96a6bd565c470ce\\node_modules\\.supabase-mxNPMNWL',
23 silly reify   'C:\\app-mesajeria\\.npm-cache\\_npx\\b96a6bd565c470ce\\node_modules\\.bin\\supabase': 'C:\\app-mesajeria\\.npm-cache\\_npx\\b96a6bd565c470ce\\node_modules\\.bin\\.supabase-5AnF8aH2',
23 silly reify   'C:\\app-mesajeria\\.npm-cache\\_npx\\b96a6bd565c470ce\\node_modules\\.bin\\supabase.cmd': 'C:\\app-mesajeria\\.npm-cache\\_npx\\b96a6bd565c470ce\\node_modules\\.bin\\.supabase.cmd-atx7PHfw',
23 silly reify   'C:\\app-mesajeria\\.npm-cache\\_npx\\b96a6bd565c470ce\\node_modules\\.bin\\supabase.ps1': 'C:\\app-mesajeria\\.npm-cache\\_npx\\b96a6bd565c470ce\\node_modules\\.bin\\.supabase.ps1-aN8yzlbV'
23 silly reify }
24 silly audit bulk request {
24 silly audit   '@isaacs/fs-minipass': [ '4.0.1' ],
24 silly audit   'agent-base': [ '9.0.0' ],
24 silly audit   'bin-links': [ '6.0.0' ],
24 silly audit   chownr: [ '3.0.0' ],
24 silly audit   'cmd-shim': [ '8.0.0' ],
24 silly audit   'data-uri-to-buffer': [ '4.0.1' ],
24 silly audit   debug: [ '4.4.3' ],
24 silly audit   'fetch-blob': [ '3.2.0' ],
24 silly audit   'formdata-polyfill': [ '4.0.10' ],
24 silly audit   'https-proxy-agent': [ '9.0.0' ],
24 silly audit   minipass: [ '7.1.3' ],
24 silly audit   minizlib: [ '3.1.0' ],
24 silly audit   ms: [ '2.1.3' ],
24 silly audit   'node-domexception': [ '1.0.0' ],
24 silly audit   'node-fetch': [ '3.3.2' ],
24 silly audit   'npm-normalize-package-bin': [ '5.0.0' ],
24 silly audit   'proc-log': [ '6.1.0' ],
24 silly audit   'read-cmd-shim': [ '6.0.0' ],
24 silly audit   'signal-exit': [ '4.1.0' ],
24 silly audit   tar: [ '7.5.13' ],
24 silly audit   'web-streams-polyfill': [ '3.3.3' ],
24 silly audit   'write-file-atomic': [ '7.0.1' ],
24 silly audit   yallist: [ '5.0.0' ],
24 silly audit   supabase: [ '2.95.3' ]
24 silly audit }
25 http cache supabase@https://registry.npmjs.org/supabase/-/supabase-2.95.3.tgz 0ms (cache hit)
26 silly tarball no local data for supabase@https://registry.npmjs.org/supabase/-/supabase-2.95.3.tgz. Extracting by manifest.
27 http fetch GET 200 https://registry.npmjs.org/supabase/-/supabase-2.95.3.tgz 135ms (cache miss)
28 info run supabase@2.95.3 postinstall node_modules/supabase node scripts/postinstall.js
29 http fetch POST 200 https://registry.npmjs.org/-/npm/v1/security/advisories/bulk 257ms
30 silly audit report {}
31 info run supabase@2.95.3 postinstall { code: 0, signal: null }
32 verbose cwd C:\app-mesajeria
33 verbose os Windows_NT 10.0.26200
34 verbose node v22.22.1
35 verbose npm  v10.9.4
36 verbose exit 0
37 info ok
