0 verbose cli C:\Program Files\nodejs\node.exe C:\Program Files\nodejs\node_modules\npm\bin\npm-cli.js
1 info using npm@10.9.4
2 info using node@v22.22.1
3 silly config load:file:C:\Program Files\nodejs\node_modules\npm\npmrc
4 silly config load:file:C:\app-mesajeria\.npmrc
5 silly config load:file:C:\Users\rfall\.npmrc
6 silly config load:file:C:\Users\rfall\AppData\Roaming\npm\etc\npmrc
7 verbose title npm exec supabase@latest functions deploy notify-message-public --project-ref unheokgkwybhzyvgzcbi
8 verbose argv "exec" "--yes" "--" "supabase@latest" "functions" "deploy" "notify-message-public" "--project-ref" "unheokgkwybhzyvgzcbi"
9 verbose logfile logs-max:10 dir:C:\app-mesajeria\.npm-cache\_logs\2026-04-25T16_58_49_039Z-
10 verbose logfile C:\app-mesajeria\.npm-cache\_logs\2026-04-25T16_58_49_039Z-debug-0.log
11 silly logfile done cleaning log files
12 silly packumentCache heap:2197815296 maxSize:549453824 maxEntrySize:274726912
13 http fetch GET https://registry.npmjs.org/supabase attempt 1 failed with EACCES
14 http fetch GET https://registry.npmjs.org/supabase attempt 2 failed with EACCES
15 http fetch GET https://registry.npmjs.org/supabase attempt 3 failed with EACCES
16 http fetch GET 200 https://registry.npmjs.org/supabase 70102ms (cache stale)
17 silly packumentCache heap:2197815296 maxSize:549453824 maxEntrySize:274726912
18 silly packumentCache heap:2197815296 maxSize:549453824 maxEntrySize:274726912
19 verbose cwd C:\app-mesajeria
20 verbose os Windows_NT 10.0.26200
21 verbose node v22.22.1
22 verbose npm  v10.9.4
23 verbose exit 1
24 verbose code 1
