0 verbose cli C:\Program Files\nodejs\node.exe C:\Program Files\nodejs\node_modules\npm\bin\npm-cli.js
1 info using npm@10.9.4
2 info using node@v22.22.1
3 silly config load:file:C:\Program Files\nodejs\node_modules\npm\npmrc
4 silly config load:file:C:\app-mesajeria\.npmrc
5 silly config load:file:C:\Users\rfall\.npmrc
6 silly config load:file:C:\Users\rfall\AppData\Roaming\npm\etc\npmrc
7 verbose title npm exec supabase@latest functions deploy admin-delete-user --project-ref unheokgkwybhzyvgzcbi
8 verbose argv "exec" "--" "supabase@latest" "functions" "deploy" "admin-delete-user" "--project-ref" "unheokgkwybhzyvgzcbi"
9 verbose logfile logs-max:10 dir:C:\app-mesajeria\.npm-cache\_logs\2026-04-24T13_28_38_390Z-
10 verbose logfile C:\app-mesajeria\.npm-cache\_logs\2026-04-24T13_28_38_390Z-debug-0.log
11 silly logfile done cleaning log files
12 silly packumentCache heap:2197815296 maxSize:549453824 maxEntrySize:274726912
13 http fetch GET 200 https://registry.npmjs.org/supabase 268ms (cache miss)
14 silly packumentCache heap:2197815296 maxSize:549453824 maxEntrySize:274726912
15 silly packumentCache heap:2197815296 maxSize:549453824 maxEntrySize:274726912
16 warn exec The following package was not found and will be installed: supabase@2.95.1
17 silly idealTree buildDeps
18 silly fetch manifest supabase@2.95.1
19 silly packumentCache full:https://registry.npmjs.org/supabase cache-miss
20 http fetch GET 200 https://registry.npmjs.org/supabase 212ms (cache miss)
21 silly packumentCache full:https://registry.npmjs.org/supabase set size:undefined disposed:false
22 silly placeDep ROOT supabase@2.95.1 OK for:  want: 2.95.1
23 silly fetch manifest bin-links@^6.0.0
24 silly packumentCache full:https://registry.npmjs.org/bin-links cache-miss
25 silly fetch manifest https-proxy-agent@^9.0.0
26 silly packumentCache full:https://registry.npmjs.org/https-proxy-agent cache-miss
27 silly fetch manifest node-fetch@^3.3.2
28 silly packumentCache full:https://registry.npmjs.org/node-fetch cache-miss
29 silly fetch manifest tar@7.5.13
30 silly packumentCache full:https://registry.npmjs.org/tar cache-miss
31 http fetch GET 200 https://registry.npmjs.org/node-fetch 76ms (cache miss)
32 silly packumentCache full:https://registry.npmjs.org/node-fetch set size:undefined disposed:false
33 http fetch GET 200 https://registry.npmjs.org/bin-links 150ms (cache miss)
34 silly packumentCache full:https://registry.npmjs.org/bin-links set size:undefined disposed:false
35 http fetch GET 200 https://registry.npmjs.org/https-proxy-agent 171ms (cache miss)
36 silly packumentCache full:https://registry.npmjs.org/https-proxy-agent set size:undefined disposed:false
37 http fetch GET 200 https://registry.npmjs.org/tar 184ms (cache miss)
38 silly packumentCache full:https://registry.npmjs.org/tar set size:undefined disposed:false
39 silly placeDep ROOT bin-links@6.0.0 OK for: supabase@2.95.1 want: ^6.0.0
40 silly placeDep ROOT https-proxy-agent@9.0.0 OK for: supabase@2.95.1 want: ^9.0.0
41 silly placeDep ROOT node-fetch@3.3.2 OK for: supabase@2.95.1 want: ^3.3.2
42 silly placeDep ROOT tar@7.5.13 OK for: supabase@2.95.1 want: 7.5.13
43 silly fetch manifest cmd-shim@^8.0.0
44 silly packumentCache full:https://registry.npmjs.org/cmd-shim cache-miss
45 silly fetch manifest proc-log@^6.0.0
46 silly packumentCache full:https://registry.npmjs.org/proc-log cache-miss
47 silly fetch manifest read-cmd-shim@^6.0.0
48 silly packumentCache full:https://registry.npmjs.org/read-cmd-shim cache-miss
49 silly fetch manifest write-file-atomic@^7.0.0
50 silly packumentCache full:https://registry.npmjs.org/write-file-atomic cache-miss
51 silly fetch manifest npm-normalize-package-bin@^5.0.0
52 silly packumentCache full:https://registry.npmjs.org/npm-normalize-package-bin cache-miss
53 silly fetch manifest debug@^4.3.4
54 silly packumentCache full:https://registry.npmjs.org/debug cache-miss
55 silly fetch manifest agent-base@9.0.0
56 silly packumentCache full:https://registry.npmjs.org/agent-base cache-miss
57 silly fetch manifest data-uri-to-buffer@^4.0.0
58 silly packumentCache full:https://registry.npmjs.org/data-uri-to-buffer cache-miss
59 silly fetch manifest fetch-blob@^3.1.4
60 silly packumentCache full:https://registry.npmjs.org/fetch-blob cache-miss
61 silly fetch manifest formdata-polyfill@^4.0.10
62 silly packumentCache full:https://registry.npmjs.org/formdata-polyfill cache-miss
63 silly fetch manifest @isaacs/fs-minipass@^4.0.0
64 silly packumentCache full:https://registry.npmjs.org/@isaacs%2ffs-minipass cache-miss
65 silly fetch manifest chownr@^3.0.0
66 silly packumentCache full:https://registry.npmjs.org/chownr cache-miss
67 silly fetch manifest minipass@^7.1.2
68 silly packumentCache full:https://registry.npmjs.org/minipass cache-miss
69 silly fetch manifest minizlib@^3.1.0
70 silly packumentCache full:https://registry.npmjs.org/minizlib cache-miss
71 silly fetch manifest yallist@^5.0.0
72 silly packumentCache full:https://registry.npmjs.org/yallist cache-miss
73 http fetch GET 200 https://registry.npmjs.org/write-file-atomic 69ms (cache miss)
74 silly packumentCache full:https://registry.npmjs.org/write-file-atomic set size:undefined disposed:false
75 http fetch GET 200 https://registry.npmjs.org/npm-normalize-package-bin 72ms (cache miss)
76 silly packumentCache full:https://registry.npmjs.org/npm-normalize-package-bin set size:undefined disposed:false
77 http fetch GET 200 https://registry.npmjs.org/chownr 94ms (cache miss)
78 silly packumentCache full:https://registry.npmjs.org/chownr set size:undefined disposed:false
79 http fetch GET 200 https://registry.npmjs.org/yallist 97ms (cache miss)
80 silly packumentCache full:https://registry.npmjs.org/yallist set size:undefined disposed:false
81 http fetch GET 200 https://registry.npmjs.org/data-uri-to-buffer 100ms (cache miss)
82 silly packumentCache full:https://registry.npmjs.org/data-uri-to-buffer set size:undefined disposed:false
83 http fetch GET 200 https://registry.npmjs.org/agent-base 103ms (cache miss)
84 silly packumentCache full:https://registry.npmjs.org/agent-base set size:undefined disposed:false
85 http fetch GET 200 https://registry.npmjs.org/cmd-shim 157ms (cache miss)
86 silly packumentCache full:https://registry.npmjs.org/cmd-shim set size:undefined disposed:false
87 http fetch GET 200 https://registry.npmjs.org/read-cmd-shim 161ms (cache miss)
88 silly packumentCache full:https://registry.npmjs.org/read-cmd-shim set size:undefined disposed:false
89 http fetch GET 200 https://registry.npmjs.org/minizlib 214ms (cache miss)
90 silly packumentCache full:https://registry.npmjs.org/minizlib set size:undefined disposed:false
91 http fetch GET 200 https://registry.npmjs.org/fetch-blob 217ms (cache miss)
92 silly packumentCache full:https://registry.npmjs.org/fetch-blob set size:undefined disposed:false
93 http fetch GET 200 https://registry.npmjs.org/formdata-polyfill 219ms (cache miss)
94 silly packumentCache full:https://registry.npmjs.org/formdata-polyfill set size:undefined disposed:false
95 http fetch GET 200 https://registry.npmjs.org/debug 222ms (cache miss)
96 silly packumentCache full:https://registry.npmjs.org/debug set size:undefined disposed:false
97 http fetch GET 200 https://registry.npmjs.org/minipass 226ms (cache miss)
98 silly packumentCache full:https://registry.npmjs.org/minipass set size:undefined disposed:false
99 http fetch GET 200 https://registry.npmjs.org/proc-log 392ms (cache miss)
100 silly packumentCache full:https://registry.npmjs.org/proc-log set size:undefined disposed:false
101 http fetch GET 200 https://registry.npmjs.org/@isaacs%2ffs-minipass 410ms (cache miss)
102 silly packumentCache full:https://registry.npmjs.org/@isaacs%2ffs-minipass set size:undefined disposed:false
103 silly placeDep ROOT cmd-shim@8.0.0 OK for: bin-links@6.0.0 want: ^8.0.0
104 silly placeDep ROOT npm-normalize-package-bin@5.0.0 OK for: bin-links@6.0.0 want: ^5.0.0
105 silly placeDep ROOT proc-log@6.1.0 OK for: bin-links@6.0.0 want: ^6.0.0
106 silly placeDep ROOT read-cmd-shim@6.0.0 OK for: bin-links@6.0.0 want: ^6.0.0
107 silly placeDep ROOT write-file-atomic@7.0.1 OK for: bin-links@6.0.0 want: ^7.0.0
108 silly fetch manifest signal-exit@^4.0.1
109 silly packumentCache full:https://registry.npmjs.org/signal-exit cache-miss
110 http fetch GET 200 https://registry.npmjs.org/signal-exit 24ms (cache miss)
111 silly packumentCache full:https://registry.npmjs.org/signal-exit set size:undefined disposed:false
112 silly placeDep ROOT agent-base@9.0.0 OK for: https-proxy-agent@9.0.0 want: 9.0.0
113 silly placeDep ROOT debug@4.4.3 OK for: https-proxy-agent@9.0.0 want: ^4.3.4
114 silly fetch manifest ms@^2.1.3
115 silly packumentCache full:https://registry.npmjs.org/ms cache-miss
116 http fetch GET 200 https://registry.npmjs.org/ms 158ms (cache miss)
117 silly packumentCache full:https://registry.npmjs.org/ms set size:undefined disposed:false
118 silly placeDep ROOT ms@2.1.3 OK for: debug@4.4.3 want: ^2.1.3
119 silly placeDep ROOT data-uri-to-buffer@4.0.1 OK for: node-fetch@3.3.2 want: ^4.0.0
120 silly placeDep ROOT fetch-blob@3.2.0 OK for: node-fetch@3.3.2 want: ^3.1.4
121 silly placeDep ROOT formdata-polyfill@4.0.10 OK for: node-fetch@3.3.2 want: ^4.0.10
122 silly fetch manifest node-domexception@^1.0.0
123 silly packumentCache full:https://registry.npmjs.org/node-domexception cache-miss
124 silly fetch manifest web-streams-polyfill@^3.0.3
125 silly packumentCache full:https://registry.npmjs.org/web-streams-polyfill cache-miss
126 http fetch GET 200 https://registry.npmjs.org/node-domexception 146ms (cache miss)
127 silly packumentCache full:https://registry.npmjs.org/node-domexception set size:undefined disposed:false
128 http fetch GET 200 https://registry.npmjs.org/web-streams-polyfill 147ms (cache miss)
129 silly packumentCache full:https://registry.npmjs.org/web-streams-polyfill set size:undefined disposed:false
130 silly placeDep ROOT node-domexception@1.0.0 OK for: fetch-blob@3.2.0 want: ^1.0.0
131 silly placeDep ROOT web-streams-polyfill@3.3.3 OK for: fetch-blob@3.2.0 want: ^3.0.3
132 silly placeDep ROOT @isaacs/fs-minipass@4.0.1 OK for: tar@7.5.13 want: ^4.0.0
133 silly placeDep ROOT chownr@3.0.0 OK for: tar@7.5.13 want: ^3.0.0
134 silly placeDep ROOT minipass@7.1.3 OK for: tar@7.5.13 want: ^7.1.2
135 silly placeDep ROOT minizlib@3.1.0 OK for: tar@7.5.13 want: ^3.1.0
136 silly placeDep ROOT yallist@5.0.0 OK for: tar@7.5.13 want: ^5.0.0
137 silly fetch manifest minipass@^7.0.4
138 silly packumentCache full:https://registry.npmjs.org/minipass cache-miss
139 http cache https://registry.npmjs.org/minipass 10ms (cache hit)
140 silly packumentCache full:https://registry.npmjs.org/minipass set size:276925 disposed:false
141 silly placeDep ROOT signal-exit@4.1.0 OK for: write-file-atomic@7.0.1 want: ^4.0.1
142 silly reify moves {}
143 silly audit bulk request {
143 silly audit   supabase: [ '2.95.1' ],
143 silly audit   'bin-links': [ '6.0.0' ],
143 silly audit   'https-proxy-agent': [ '9.0.0' ],
143 silly audit   'node-fetch': [ '3.3.2' ],
143 silly audit   tar: [ '7.5.13' ],
143 silly audit   'cmd-shim': [ '8.0.0' ],
143 silly audit   'npm-normalize-package-bin': [ '5.0.0' ],
143 silly audit   'proc-log': [ '6.1.0' ],
143 silly audit   'read-cmd-shim': [ '6.0.0' ],
143 silly audit   'write-file-atomic': [ '7.0.1' ],
143 silly audit   'agent-base': [ '9.0.0' ],
143 silly audit   debug: [ '4.4.3' ],
143 silly audit   ms: [ '2.1.3' ],
143 silly audit   'data-uri-to-buffer': [ '4.0.1' ],
143 silly audit   'fetch-blob': [ '3.2.0' ],
143 silly audit   'formdata-polyfill': [ '4.0.10' ],
143 silly audit   'node-domexception': [ '1.0.0' ],
143 silly audit   'web-streams-polyfill': [ '3.3.3' ],
143 silly audit   '@isaacs/fs-minipass': [ '4.0.1' ],
143 silly audit   chownr: [ '3.0.0' ],
143 silly audit   minipass: [ '7.1.3' ],
143 silly audit   minizlib: [ '3.1.0' ],
143 silly audit   yallist: [ '5.0.0' ],
143 silly audit   'signal-exit': [ '4.1.0' ]
143 silly audit }
144 http cache signal-exit@https://registry.npmjs.org/signal-exit/-/signal-exit-4.1.0.tgz 0ms (cache hit)
145 http cache yallist@https://registry.npmjs.org/yallist/-/yallist-5.0.0.tgz 0ms (cache hit)
146 http cache minipass@https://registry.npmjs.org/minipass/-/minipass-7.1.3.tgz 0ms (cache hit)
147 http cache minizlib@https://registry.npmjs.org/minizlib/-/minizlib-3.1.0.tgz 0ms (cache hit)
148 http cache @isaacs/fs-minipass@https://registry.npmjs.org/@isaacs/fs-minipass/-/fs-minipass-4.0.1.tgz 0ms (cache hit)
149 http cache chownr@https://registry.npmjs.org/chownr/-/chownr-3.0.0.tgz 0ms (cache hit)
150 http cache web-streams-polyfill@https://registry.npmjs.org/web-streams-polyfill/-/web-streams-polyfill-3.3.3.tgz 1ms (cache hit)
151 http cache formdata-polyfill@https://registry.npmjs.org/formdata-polyfill/-/formdata-polyfill-4.0.10.tgz 0ms (cache hit)
152 http cache node-domexception@https://registry.npmjs.org/node-domexception/-/node-domexception-1.0.0.tgz 0ms (cache hit)
153 http cache data-uri-to-buffer@https://registry.npmjs.org/data-uri-to-buffer/-/data-uri-to-buffer-4.0.1.tgz 0ms (cache hit)
154 http cache ms@https://registry.npmjs.org/ms/-/ms-2.1.3.tgz 0ms (cache hit)
155 http cache debug@https://registry.npmjs.org/debug/-/debug-4.4.3.tgz 1ms (cache hit)
156 http cache fetch-blob@https://registry.npmjs.org/fetch-blob/-/fetch-blob-3.2.0.tgz 0ms (cache hit)
157 http cache agent-base@https://registry.npmjs.org/agent-base/-/agent-base-9.0.0.tgz 0ms (cache hit)
158 http cache write-file-atomic@https://registry.npmjs.org/write-file-atomic/-/write-file-atomic-7.0.1.tgz 0ms (cache hit)
159 http cache proc-log@https://registry.npmjs.org/proc-log/-/proc-log-6.1.0.tgz 0ms (cache hit)
160 http cache npm-normalize-package-bin@https://registry.npmjs.org/npm-normalize-package-bin/-/npm-normalize-package-bin-5.0.0.tgz 0ms (cache hit)
161 http cache read-cmd-shim@https://registry.npmjs.org/read-cmd-shim/-/read-cmd-shim-6.0.0.tgz 0ms (cache hit)
162 http cache cmd-shim@https://registry.npmjs.org/cmd-shim/-/cmd-shim-8.0.0.tgz 0ms (cache hit)
163 http cache node-fetch@https://registry.npmjs.org/node-fetch/-/node-fetch-3.3.2.tgz 0ms (cache hit)
164 http cache tar@https://registry.npmjs.org/tar/-/tar-7.5.13.tgz 0ms (cache hit)
165 silly tarball no local data for signal-exit@https://registry.npmjs.org/signal-exit/-/signal-exit-4.1.0.tgz. Extracting by manifest.
166 silly tarball no local data for yallist@https://registry.npmjs.org/yallist/-/yallist-5.0.0.tgz. Extracting by manifest.
167 silly tarball no local data for minipass@https://registry.npmjs.org/minipass/-/minipass-7.1.3.tgz. Extracting by manifest.
168 silly tarball no local data for minizlib@https://registry.npmjs.org/minizlib/-/minizlib-3.1.0.tgz. Extracting by manifest.
169 silly tarball no local data for @isaacs/fs-minipass@https://registry.npmjs.org/@isaacs/fs-minipass/-/fs-minipass-4.0.1.tgz. Extracting by manifest.
170 http cache https-proxy-agent@https://registry.npmjs.org/https-proxy-agent/-/https-proxy-agent-9.0.0.tgz 0ms (cache hit)
171 http cache bin-links@https://registry.npmjs.org/bin-links/-/bin-links-6.0.0.tgz 0ms (cache hit)
172 silly tarball no local data for chownr@https://registry.npmjs.org/chownr/-/chownr-3.0.0.tgz. Extracting by manifest.
173 http cache supabase@https://registry.npmjs.org/supabase/-/supabase-2.95.1.tgz 0ms (cache hit)
174 silly tarball no local data for web-streams-polyfill@https://registry.npmjs.org/web-streams-polyfill/-/web-streams-polyfill-3.3.3.tgz. Extracting by manifest.
175 silly tarball no local data for formdata-polyfill@https://registry.npmjs.org/formdata-polyfill/-/formdata-polyfill-4.0.10.tgz. Extracting by manifest.
176 silly tarball no local data for node-domexception@https://registry.npmjs.org/node-domexception/-/node-domexception-1.0.0.tgz. Extracting by manifest.
177 silly tarball no local data for data-uri-to-buffer@https://registry.npmjs.org/data-uri-to-buffer/-/data-uri-to-buffer-4.0.1.tgz. Extracting by manifest.
178 silly tarball no local data for ms@https://registry.npmjs.org/ms/-/ms-2.1.3.tgz. Extracting by manifest.
179 silly tarball no local data for debug@https://registry.npmjs.org/debug/-/debug-4.4.3.tgz. Extracting by manifest.
180 silly tarball no local data for fetch-blob@https://registry.npmjs.org/fetch-blob/-/fetch-blob-3.2.0.tgz. Extracting by manifest.
181 silly tarball no local data for agent-base@https://registry.npmjs.org/agent-base/-/agent-base-9.0.0.tgz. Extracting by manifest.
182 silly tarball no local data for write-file-atomic@https://registry.npmjs.org/write-file-atomic/-/write-file-atomic-7.0.1.tgz. Extracting by manifest.
183 silly tarball no local data for proc-log@https://registry.npmjs.org/proc-log/-/proc-log-6.1.0.tgz. Extracting by manifest.
184 silly tarball no local data for npm-normalize-package-bin@https://registry.npmjs.org/npm-normalize-package-bin/-/npm-normalize-package-bin-5.0.0.tgz. Extracting by manifest.
185 silly tarball no local data for read-cmd-shim@https://registry.npmjs.org/read-cmd-shim/-/read-cmd-shim-6.0.0.tgz. Extracting by manifest.
186 silly tarball no local data for cmd-shim@https://registry.npmjs.org/cmd-shim/-/cmd-shim-8.0.0.tgz. Extracting by manifest.
187 silly tarball no local data for node-fetch@https://registry.npmjs.org/node-fetch/-/node-fetch-3.3.2.tgz. Extracting by manifest.
188 silly tarball no local data for tar@https://registry.npmjs.org/tar/-/tar-7.5.13.tgz. Extracting by manifest.
189 silly tarball no local data for https-proxy-agent@https://registry.npmjs.org/https-proxy-agent/-/https-proxy-agent-9.0.0.tgz. Extracting by manifest.
190 silly tarball no local data for bin-links@https://registry.npmjs.org/bin-links/-/bin-links-6.0.0.tgz. Extracting by manifest.
191 silly tarball no local data for supabase@https://registry.npmjs.org/supabase/-/supabase-2.95.1.tgz. Extracting by manifest.
192 http fetch GET 200 https://registry.npmjs.org/node-domexception/-/node-domexception-1.0.0.tgz 129ms (cache miss)
193 http fetch GET 200 https://registry.npmjs.org/ms/-/ms-2.1.3.tgz 136ms (cache miss)
194 http fetch GET 200 https://registry.npmjs.org/npm-normalize-package-bin/-/npm-normalize-package-bin-5.0.0.tgz 138ms (cache miss)
195 http fetch GET 200 https://registry.npmjs.org/write-file-atomic/-/write-file-atomic-7.0.1.tgz 139ms (cache miss)
196 http fetch GET 200 https://registry.npmjs.org/proc-log/-/proc-log-6.1.0.tgz 140ms (cache miss)
197 http fetch GET 200 https://registry.npmjs.org/cmd-shim/-/cmd-shim-8.0.0.tgz 140ms (cache miss)
198 http fetch GET 200 https://registry.npmjs.org/read-cmd-shim/-/read-cmd-shim-6.0.0.tgz 141ms (cache miss)
199 http fetch GET 200 https://registry.npmjs.org/data-uri-to-buffer/-/data-uri-to-buffer-4.0.1.tgz 147ms (cache miss)
200 http fetch GET 200 https://registry.npmjs.org/supabase/-/supabase-2.95.1.tgz 146ms (cache miss)
201 http fetch GET 200 https://registry.npmjs.org/formdata-polyfill/-/formdata-polyfill-4.0.10.tgz 175ms (cache miss)
202 http fetch GET 200 https://registry.npmjs.org/fetch-blob/-/fetch-blob-3.2.0.tgz 177ms (cache miss)
203 http fetch GET 200 https://registry.npmjs.org/https-proxy-agent/-/https-proxy-agent-9.0.0.tgz 175ms (cache miss)
204 http fetch GET 200 https://registry.npmjs.org/agent-base/-/agent-base-9.0.0.tgz 184ms (cache miss)
205 http fetch GET 200 https://registry.npmjs.org/debug/-/debug-4.4.3.tgz 189ms (cache miss)
206 http fetch POST 200 https://registry.npmjs.org/-/npm/v1/security/advisories/bulk 210ms
207 silly audit report {}
208 http fetch GET 200 https://registry.npmjs.org/chownr/-/chownr-3.0.0.tgz 197ms (cache miss)
209 http fetch GET 200 https://registry.npmjs.org/yallist/-/yallist-5.0.0.tgz 200ms (cache miss)
210 http fetch GET 200 https://registry.npmjs.org/bin-links/-/bin-links-6.0.0.tgz 205ms (cache miss)
211 http fetch GET 200 https://registry.npmjs.org/node-fetch/-/node-fetch-3.3.2.tgz 219ms (cache miss)
212 http fetch GET 200 https://registry.npmjs.org/@isaacs/fs-minipass/-/fs-minipass-4.0.1.tgz 247ms (cache miss)
213 http fetch GET 200 https://registry.npmjs.org/minizlib/-/minizlib-3.1.0.tgz 248ms (cache miss)
214 http fetch GET 200 https://registry.npmjs.org/minipass/-/minipass-7.1.3.tgz 252ms (cache miss)
215 http fetch GET 200 https://registry.npmjs.org/signal-exit/-/signal-exit-4.1.0.tgz 264ms (cache miss)
216 warn deprecated node-domexception@1.0.0: Use your platform's native DOMException instead
217 http fetch GET 200 https://registry.npmjs.org/web-streams-polyfill/-/web-streams-polyfill-3.3.3.tgz 579ms (cache miss)
218 http fetch GET 200 https://registry.npmjs.org/tar/-/tar-7.5.13.tgz 681ms (cache miss)
219 info run supabase@2.95.1 postinstall node_modules/supabase node scripts/postinstall.js
220 info run supabase@2.95.1 postinstall { code: 0, signal: null }
221 verbose cwd C:\app-mesajeria
222 verbose os Windows_NT 10.0.26200
223 verbose node v22.22.1
224 verbose npm  v10.9.4
225 verbose exit 0
226 info ok
