0 verbose cli C:\Program Files\nodejs\node.exe C:\Program Files\nodejs\node_modules\npm\bin\npm-cli.js
1 info using npm@10.9.4
2 info using node@v22.22.1
3 silly config load:file:C:\Program Files\nodejs\node_modules\npm\npmrc
4 silly config load:file:C:\app-mesajeria\.npmrc
5 silly config load:file:C:\Users\rfall\.npmrc
6 silly config load:file:C:\Users\rfall\AppData\Roaming\npm\etc\npmrc
7 verbose title npm exec tsc -p tsconfig.json --noEmit
8 verbose argv "exec" "--" "tsc" "-p" "tsconfig.json" "--noEmit"
9 verbose logfile logs-max:10 dir:C:\app-mesajeria\.npm-cache\_logs\2026-05-04T18_08_56_423Z-
10 verbose logfile C:\app-mesajeria\.npm-cache\_logs\2026-05-04T18_08_56_423Z-debug-0.log
11 silly logfile start cleaning logs, removing 1 files
12 silly logfile done cleaning log files
13 http fetch GET 200 https://registry.npmjs.org/npm 311ms
14 verbose cwd C:\app-mesajeria
15 verbose os Windows_NT 10.0.26200
16 verbose node v22.22.1
17 verbose npm  v10.9.4
18 notice
18 notice New major version of npm available! 10.9.4 -> 11.13.0
18 notice Changelog: https://github.com/npm/cli/releases/tag/v11.13.0
18 notice To update run: npm install -g npm@11.13.0
18 notice  { force: true, [Symbol(proc-log.meta)]: true }
19 verbose exit 0
20 info ok
