0 verbose cli C:\Program Files\nodejs\node.exe C:\Program Files\nodejs\node_modules\npm\bin\npm-cli.js
1 info using npm@10.9.4
2 info using node@v22.22.1
3 silly config load:file:C:\Program Files\nodejs\node_modules\npm\npmrc
4 silly config load:file:C:\app-mesajeria\.npmrc
5 silly config load:file:C:\Users\rfall\.npmrc
6 silly config load:file:C:\Users\rfall\AppData\Roaming\npm\etc\npmrc
7 verbose title npm exec supabase@latest functions deploy notify-message-public --project-ref unheokgkwybhzyvgzcbi
8 verbose argv "exec" "--" "supabase@latest" "functions" "deploy" "notify-message-public" "--project-ref" "unheokgkwybhzyvgzcbi"
9 verbose logfile logs-max:10 dir:C:\app-mesajeria\.npm-cache\_logs\2026-04-25T17_27_18_667Z-
10 verbose logfile C:\app-mesajeria\.npm-cache\_logs\2026-04-25T17_27_18_667Z-debug-0.log
11 silly logfile done cleaning log files
12 silly packumentCache heap:2197815296 maxSize:549453824 maxEntrySize:274726912
13 http fetch GET 200 https://registry.npmjs.org/supabase 115ms (cache revalidated)
14 silly packumentCache heap:2197815296 maxSize:549453824 maxEntrySize:274726912
15 silly packumentCache heap:2197815296 maxSize:549453824 maxEntrySize:274726912
16 verbose cwd C:\app-mesajeria
17 verbose os Windows_NT 10.0.26200
18 verbose node v22.22.1
19 verbose npm  v10.9.4
20 verbose exit 0
21 info ok
